E:\DOCUMENTS\CODE\REPOS\DSA555\A3\A3\DEBUG\A3TESTER.OBJ
E:\DOCUMENTS\CODE\REPOS\DSA555\A3\A3\DEBUG\VC110.PDB
E:\DOCUMENTS\CODE\REPOS\DSA555\A3\DEBUG\A3.ILK
E:\DOCUMENTS\CODE\REPOS\DSA555\A3\DEBUG\A3.EXE
E:\DOCUMENTS\CODE\REPOS\DSA555\A3\DEBUG\A3.PDB
E:\Documents\Code\repos\dsa555\A3\A3\Debug\a3tester.obj
E:\Documents\Code\repos\dsa555\A3\A3\Debug\cl.command.1.tlog
E:\Documents\Code\repos\dsa555\A3\A3\Debug\CL.read.1.tlog
E:\Documents\Code\repos\dsa555\A3\A3\Debug\CL.write.1.tlog
E:\Documents\Code\repos\dsa555\A3\A3\Debug\link-cvtres.read.1.tlog
E:\Documents\Code\repos\dsa555\A3\A3\Debug\link-cvtres.write.1.tlog
E:\Documents\Code\repos\dsa555\A3\A3\Debug\link-rc.read.1.tlog
E:\Documents\Code\repos\dsa555\A3\A3\Debug\link-rc.write.1.tlog
E:\Documents\Code\repos\dsa555\A3\A3\Debug\link.2888-cvtres.read.1.tlog
E:\Documents\Code\repos\dsa555\A3\A3\Debug\link.2888-cvtres.write.1.tlog
E:\Documents\Code\repos\dsa555\A3\A3\Debug\link.2888-rc.read.1.tlog
E:\Documents\Code\repos\dsa555\A3\A3\Debug\link.2888-rc.write.1.tlog
E:\Documents\Code\repos\dsa555\A3\A3\Debug\link.2888.read.1.tlog
E:\Documents\Code\repos\dsa555\A3\A3\Debug\link.2888.write.1.tlog
E:\Documents\Code\repos\dsa555\A3\A3\Debug\link.3336-cvtres.read.1.tlog
E:\Documents\Code\repos\dsa555\A3\A3\Debug\link.3336-cvtres.write.1.tlog
E:\Documents\Code\repos\dsa555\A3\A3\Debug\link.3336-rc.read.1.tlog
E:\Documents\Code\repos\dsa555\A3\A3\Debug\link.3336-rc.write.1.tlog
E:\Documents\Code\repos\dsa555\A3\A3\Debug\link.3336.read.1.tlog
E:\Documents\Code\repos\dsa555\A3\A3\Debug\link.3336.write.1.tlog
E:\Documents\Code\repos\dsa555\A3\A3\Debug\link.3548-cvtres.read.1.tlog
E:\Documents\Code\repos\dsa555\A3\A3\Debug\link.3548-cvtres.write.1.tlog
E:\Documents\Code\repos\dsa555\A3\A3\Debug\link.3548-rc.read.1.tlog
E:\Documents\Code\repos\dsa555\A3\A3\Debug\link.3548-rc.write.1.tlog
E:\Documents\Code\repos\dsa555\A3\A3\Debug\link.3548.read.1.tlog
E:\Documents\Code\repos\dsa555\A3\A3\Debug\link.3548.write.1.tlog
E:\Documents\Code\repos\dsa555\A3\A3\Debug\link.3736-cvtres.read.1.tlog
E:\Documents\Code\repos\dsa555\A3\A3\Debug\link.3736-cvtres.write.1.tlog
E:\Documents\Code\repos\dsa555\A3\A3\Debug\link.3736-rc.read.1.tlog
E:\Documents\Code\repos\dsa555\A3\A3\Debug\link.3736-rc.write.1.tlog
E:\Documents\Code\repos\dsa555\A3\A3\Debug\link.3736.read.1.tlog
E:\Documents\Code\repos\dsa555\A3\A3\Debug\link.3736.write.1.tlog
E:\Documents\Code\repos\dsa555\A3\A3\Debug\link.4056-cvtres.read.1.tlog
E:\Documents\Code\repos\dsa555\A3\A3\Debug\link.4056-cvtres.write.1.tlog
E:\Documents\Code\repos\dsa555\A3\A3\Debug\link.4056-rc.read.1.tlog
E:\Documents\Code\repos\dsa555\A3\A3\Debug\link.4056-rc.write.1.tlog
E:\Documents\Code\repos\dsa555\A3\A3\Debug\link.4056.read.1.tlog
E:\Documents\Code\repos\dsa555\A3\A3\Debug\link.4056.write.1.tlog
E:\Documents\Code\repos\dsa555\A3\A3\Debug\link.4568-cvtres.read.1.tlog
E:\Documents\Code\repos\dsa555\A3\A3\Debug\link.4568-cvtres.write.1.tlog
E:\Documents\Code\repos\dsa555\A3\A3\Debug\link.4568-rc.read.1.tlog
E:\Documents\Code\repos\dsa555\A3\A3\Debug\link.4568-rc.write.1.tlog
E:\Documents\Code\repos\dsa555\A3\A3\Debug\link.4568.read.1.tlog
E:\Documents\Code\repos\dsa555\A3\A3\Debug\link.4568.write.1.tlog
E:\Documents\Code\repos\dsa555\A3\A3\Debug\link.4704-cvtres.read.1.tlog
E:\Documents\Code\repos\dsa555\A3\A3\Debug\link.4704-cvtres.write.1.tlog
E:\Documents\Code\repos\dsa555\A3\A3\Debug\link.4704-rc.read.1.tlog
E:\Documents\Code\repos\dsa555\A3\A3\Debug\link.4704-rc.write.1.tlog
E:\Documents\Code\repos\dsa555\A3\A3\Debug\link.4704.read.1.tlog
E:\Documents\Code\repos\dsa555\A3\A3\Debug\link.4704.write.1.tlog
E:\Documents\Code\repos\dsa555\A3\A3\Debug\link.6376-cvtres.read.1.tlog
E:\Documents\Code\repos\dsa555\A3\A3\Debug\link.6376-cvtres.write.1.tlog
E:\Documents\Code\repos\dsa555\A3\A3\Debug\link.6376-rc.read.1.tlog
E:\Documents\Code\repos\dsa555\A3\A3\Debug\link.6376-rc.write.1.tlog
E:\Documents\Code\repos\dsa555\A3\A3\Debug\link.6376.read.1.tlog
E:\Documents\Code\repos\dsa555\A3\A3\Debug\link.6376.write.1.tlog
E:\Documents\Code\repos\dsa555\A3\A3\Debug\link.6584-cvtres.read.1.tlog
E:\Documents\Code\repos\dsa555\A3\A3\Debug\link.6584-cvtres.write.1.tlog
E:\Documents\Code\repos\dsa555\A3\A3\Debug\link.6584-rc.read.1.tlog
E:\Documents\Code\repos\dsa555\A3\A3\Debug\link.6584-rc.write.1.tlog
E:\Documents\Code\repos\dsa555\A3\A3\Debug\link.6584.read.1.tlog
E:\Documents\Code\repos\dsa555\A3\A3\Debug\link.6584.write.1.tlog
E:\Documents\Code\repos\dsa555\A3\A3\Debug\link.command.1.tlog
E:\Documents\Code\repos\dsa555\A3\A3\Debug\link.read.1.tlog
E:\Documents\Code\repos\dsa555\A3\A3\Debug\link.write.1.tlog
E:\Documents\Code\repos\dsa555\A3\A3\Debug\vc110.idb
E:\Documents\Code\repos\dsa555\A3\A3\Debug\vc110.pdb
E:\Documents\Code\repos\dsa555\A3\Debug\A3.pdb
E:\Documents\Code\repos\dsa555\A3\Debug\A3.exe
E:\Documents\Code\repos\dsa555\A3\Debug\A3.ilk
