Build started 12/7/2013 6:58:42 PM.
     1>Project "E:\Documents\Code\repos\dsa555\A2\A2\A2.vcxproj" on node 2 (Build target(s)).
     1>ClCompile:
         C:\Program Files (x86)\Microsoft Visual Studio 11.0\VC\bin\CL.exe /c /Zi /nologo /W3 /WX- /sdl /O2 /Oi /Oy- /GL /D _MBCS /Gm- /EHsc /MD /GS /Gy /fp:precise /Zc:wchar_t /Zc:forScope /Fo"Release\\" /Fd"Release\vc110.pdb" /Gd /TP /analyze- /errorReport:prompt a2tester.cpp
         a2tester.cpp
     1>e:\documents\code\repos\dsa555\a2\a2\table.h(438): warning C4018: '<' : signed/unsigned mismatch
                 e:\documents\code\repos\dsa555\a2\a2\table.h(437) : while compiling class template member function 'ChainHash<Key_t,Val_t>::~ChainHash(void)'
                 with
                 [
                     Key_t=std::string,
                     Val_t=int
                 ]
                 a2tester.cpp(236) : see reference to function template instantiation 'ChainHash<Key_t,Val_t>::~ChainHash(void)' being compiled
                 with
                 [
                     Key_t=std::string,
                     Val_t=int
                 ]
                 a2tester.cpp(236) : see reference to class template instantiation 'ChainHash<Key_t,Val_t>' being compiled
                 with
                 [
                     Key_t=std::string,
                     Val_t=int
                 ]
       Link:
         C:\Program Files (x86)\Microsoft Visual Studio 11.0\VC\bin\link.exe /ERRORREPORT:PROMPT /OUT:"E:\Documents\Code\repos\dsa555\A2\Release\A2.exe" /NOLOGO kernel32.lib user32.lib gdi32.lib winspool.lib comdlg32.lib advapi32.lib shell32.lib ole32.lib oleaut32.lib uuid.lib odbc32.lib odbccp32.lib /MANIFEST /MANIFESTUAC:"level='asInvoker' uiAccess='false'" /manifest:embed /DEBUG /PDB:"E:\Documents\Code\repos\dsa555\A2\Release\A2.pdb" /OPT:REF /OPT:ICF /LTCG /TLBID:1 /DYNAMICBASE /NXCOMPAT /IMPLIB:"E:\Documents\Code\repos\dsa555\A2\Release\A2.lib" /MACHINE:X86 /SAFESEH Release\a2tester.obj
         Generating code
     1>e:\documents\code\repos\dsa555\a2\a2\table.h(430): warning C4715: 'ChainHash<std::basic_string<char,std::char_traits<char>,std::allocator<char> >,int>::remove' : not all control paths return a value
         Finished generating code
         A2.vcxproj -> E:\Documents\Code\repos\dsa555\A2\Release\A2.exe
     1>Done Building Project "E:\Documents\Code\repos\dsa555\A2\A2\A2.vcxproj" (Build target(s)).

Build succeeded.

Time Elapsed 00:00:01.40
