E:\DOCUMENTS\CODE\REPOS\DSA555\A2\A2\DEBUG\A2TESTER.OBJ
E:\DOCUMENTS\CODE\REPOS\DSA555\A2\A2\DEBUG\VC110.PDB
E:\DOCUMENTS\CODE\REPOS\DSA555\A2\DEBUG\A2.ILK
E:\DOCUMENTS\CODE\REPOS\DSA555\A2\DEBUG\A2.EXE
E:\DOCUMENTS\CODE\REPOS\DSA555\A2\DEBUG\A2.PDB
E:\Documents\Code\repos\dsa555\A2\A2\Debug\a2tester.obj
E:\Documents\Code\repos\dsa555\A2\A2\Debug\cl.command.1.tlog
E:\Documents\Code\repos\dsa555\A2\A2\Debug\CL.read.1.tlog
E:\Documents\Code\repos\dsa555\A2\A2\Debug\CL.write.1.tlog
E:\Documents\Code\repos\dsa555\A2\A2\Debug\link-cvtres.read.1.tlog
E:\Documents\Code\repos\dsa555\A2\A2\Debug\link-cvtres.write.1.tlog
E:\Documents\Code\repos\dsa555\A2\A2\Debug\link-rc.read.1.tlog
E:\Documents\Code\repos\dsa555\A2\A2\Debug\link-rc.write.1.tlog
E:\Documents\Code\repos\dsa555\A2\A2\Debug\link.command.1.tlog
E:\Documents\Code\repos\dsa555\A2\A2\Debug\link.read.1.tlog
E:\Documents\Code\repos\dsa555\A2\A2\Debug\link.write.1.tlog
E:\Documents\Code\repos\dsa555\A2\A2\Debug\vc110.idb
E:\Documents\Code\repos\dsa555\A2\A2\Debug\vc110.pdb
E:\Documents\Code\repos\dsa555\A2\Debug\A2.pdb
E:\Documents\Code\repos\dsa555\A2\Debug\A2.exe
E:\Documents\Code\repos\dsa555\A2\Debug\A2.ilk
