E:\DOCUMENTS\CODE\REPOS\DSA555\A1\A1\DEBUG\TESTER.OBJ
E:\DOCUMENTS\CODE\REPOS\DSA555\A1\A1\DEBUG\VC110.PDB
E:\DOCUMENTS\CODE\REPOS\DSA555\A1\DEBUG\A1.ILK
E:\DOCUMENTS\CODE\REPOS\DSA555\A1\DEBUG\A1.EXE
E:\DOCUMENTS\CODE\REPOS\DSA555\A1\DEBUG\A1.PDB
E:\Documents\Code\repos\dsa555\A1\A1\Debug\tester.obj
E:\Documents\Code\repos\dsa555\A1\A1\Debug\cl.command.1.tlog
E:\Documents\Code\repos\dsa555\A1\A1\Debug\CL.read.1.tlog
E:\Documents\Code\repos\dsa555\A1\A1\Debug\CL.write.1.tlog
E:\Documents\Code\repos\dsa555\A1\A1\Debug\link-cvtres.read.1.tlog
E:\Documents\Code\repos\dsa555\A1\A1\Debug\link-cvtres.write.1.tlog
E:\Documents\Code\repos\dsa555\A1\A1\Debug\link-rc.read.1.tlog
E:\Documents\Code\repos\dsa555\A1\A1\Debug\link-rc.write.1.tlog
E:\Documents\Code\repos\dsa555\A1\A1\Debug\link.4880-cvtres.read.1.tlog
E:\Documents\Code\repos\dsa555\A1\A1\Debug\link.4880-cvtres.write.1.tlog
E:\Documents\Code\repos\dsa555\A1\A1\Debug\link.4880-rc.read.1.tlog
E:\Documents\Code\repos\dsa555\A1\A1\Debug\link.4880-rc.write.1.tlog
E:\Documents\Code\repos\dsa555\A1\A1\Debug\link.4880.read.1.tlog
E:\Documents\Code\repos\dsa555\A1\A1\Debug\link.4880.write.1.tlog
E:\Documents\Code\repos\dsa555\A1\A1\Debug\link.5100-cvtres.read.1.tlog
E:\Documents\Code\repos\dsa555\A1\A1\Debug\link.5100-cvtres.write.1.tlog
E:\Documents\Code\repos\dsa555\A1\A1\Debug\link.5100-rc.read.1.tlog
E:\Documents\Code\repos\dsa555\A1\A1\Debug\link.5100-rc.write.1.tlog
E:\Documents\Code\repos\dsa555\A1\A1\Debug\link.5100.read.1.tlog
E:\Documents\Code\repos\dsa555\A1\A1\Debug\link.5100.write.1.tlog
E:\Documents\Code\repos\dsa555\A1\A1\Debug\link.5372-cvtres.read.1.tlog
E:\Documents\Code\repos\dsa555\A1\A1\Debug\link.5372-cvtres.write.1.tlog
E:\Documents\Code\repos\dsa555\A1\A1\Debug\link.5372-rc.read.1.tlog
E:\Documents\Code\repos\dsa555\A1\A1\Debug\link.5372-rc.write.1.tlog
E:\Documents\Code\repos\dsa555\A1\A1\Debug\link.5372.read.1.tlog
E:\Documents\Code\repos\dsa555\A1\A1\Debug\link.5372.write.1.tlog
E:\Documents\Code\repos\dsa555\A1\A1\Debug\link.6084-cvtres.read.1.tlog
E:\Documents\Code\repos\dsa555\A1\A1\Debug\link.6084-cvtres.write.1.tlog
E:\Documents\Code\repos\dsa555\A1\A1\Debug\link.6084-rc.read.1.tlog
E:\Documents\Code\repos\dsa555\A1\A1\Debug\link.6084-rc.write.1.tlog
E:\Documents\Code\repos\dsa555\A1\A1\Debug\link.6084.read.1.tlog
E:\Documents\Code\repos\dsa555\A1\A1\Debug\link.6084.write.1.tlog
E:\Documents\Code\repos\dsa555\A1\A1\Debug\link.command.1.tlog
E:\Documents\Code\repos\dsa555\A1\A1\Debug\link.read.1.tlog
E:\Documents\Code\repos\dsa555\A1\A1\Debug\link.write.1.tlog
E:\Documents\Code\repos\dsa555\A1\A1\Debug\vc110.idb
E:\Documents\Code\repos\dsa555\A1\A1\Debug\vc110.pdb
E:\Documents\Code\repos\dsa555\A1\Debug\A1.pdb
E:\Documents\Code\repos\dsa555\A1\Debug\A1.exe
E:\Documents\Code\repos\dsa555\A1\Debug\A1.ilk
